-79
362 -335
363 -341
364 -343
365 -345
516 -347
519 -349
980 -691
987 -703
1003 -715
1011 -719
1017 -725
1025 -755
1026 -763
1029 -769
1312 -909
1320 -923
1322 -939
1323 -943
1335 -951
1344 -959
1470 -961
1471 -963
1477 -965
1491 -977
1492 -993
1609 -1013
1610 -1017
1611 -1021
1657 -1025
1666 -1035
1667 -1051
1706 -1065
1707 -1071
1712 -1075
1717 -1093
1720 -1095
1722 -1109
1727 -1127
1729 -1133
1746 -1153
1981 -1331
1983 -1335
1991 -1337
1996 -1339
2400 -1841
2407 -1857
2502 -1889
2521 -1891
2523 -1909
2547 -1915
2564 -1937
2577 -1943
2611 -1983
2674 -1991
2744 -2007
2801 -2055
2805 -2061
3141 -2065
3191 -2095
3270 -2133
3303 -2191
3315 -2193
3319 -2195
3333 -2257
3553 -2273
3579 -2343
3647 -2355
3781 -2359
3904 -2383
3967 -2389
5076 -2419
5077 -2421
5428 -2423
5450 -2431
5453 -2439
5724 -2451
12046 -2459
12395 -2475
14942 -2533
